-- The C compiler identification is MSVC 19.38.33145.0
-- The CXX compiler identification is MSVC 19.38.33145.0
-- Detecting C compiler ABI info
-- Detecting C compiler ABI info - done
-- Check for working C compiler: C:/Program Files/Microsoft Visual Studio/2022/Community/VC/Tools/MSVC/14.38.33130/bin/Hostx64/x64/cl.exe - skipped
-- Detecting C compile features
-- Detecting C compile features - done
-- Detecting CXX compiler ABI info
-- Detecting CXX compiler ABI info - done
-- Check for working CXX compiler: C:/Program Files/Microsoft Visual Studio/2022/Community/VC/Tools/MSVC/14.38.33130/bin/Hostx64/x64/cl.exe - skipped
-- Detecting CXX compile features
-- Detecting CXX compile features - done
-- Performing Test CAN_BUILD_AVX
-- Performing Test CAN_BUILD_AVX - Success
CMake Warning (dev) at C:/Program Files/CMake/share/cmake-4.2/Modules/FetchContent.cmake:1963 (message):
  Calling FetchContent_Populate(lodepng) is deprecated, call
  FetchContent_MakeAvailable(lodepng) instead.  Policy CMP0169 can be set to
  OLD to allow FetchContent_Populate(lodepng) to be called directly for now,
  but the ability to call it with declared details will be removed completely
  in a future version.
Call Stack (most recent call first):
  cmake/MujocoDependencies.cmake:100 (FetchContent_Populate)
  CMakeLists.txt:112 (include)
This warning is for project developers.  Use -Wno-dev to suppress it.

CMake Warning (dev) at C:/Program Files/CMake/share/cmake-4.2/Modules/FetchContent.cmake:1963 (message):
  Calling FetchContent_Populate(marchingcubecpp) is deprecated, call
  FetchContent_MakeAvailable(marchingcubecpp) instead.  Policy CMP0169 can be
  set to OLD to allow FetchContent_Populate(marchingcubecpp) to be called
  directly for now, but the ability to call it with declared details will be
  removed completely in a future version.
Call Stack (most recent call first):
  cmake/MujocoDependencies.cmake:124 (FetchContent_Populate)
  CMakeLists.txt:112 (include)
This warning is for project developers.  Use -Wno-dev to suppress it.

-- mujoco::FindOrFetch: checking for targets in package `qhull`
-- mujoco::FindOrFetch: checking for targets in package `qhull` - target `qhull` not defined.
-- mujoco::FindOrFetch: Using FetchContent to retrieve `qhull`
CMake Warning (dev) at C:/Program Files/CMake/share/cmake-4.2/Modules/FetchContent.cmake:1963 (message):
  Calling FetchContent_Populate(qhull) is deprecated, call
  FetchContent_MakeAvailable(qhull) instead.  Policy CMP0169 can be set to
  OLD to allow FetchContent_Populate(qhull) to be called directly for now,
  but the ability to call it with declared details will be removed completely
  in a future version.
Call Stack (most recent call first):
  cmake/FindOrFetch.cmake:128 (FetchContent_Populate)
  cmake/MujocoDependencies.cmake:135 (findorfetch)
  CMakeLists.txt:112 (include)
This warning is for project developers.  Use -Wno-dev to suppress it.

-- Looking for sys/types.h
-- Looking for sys/types.h - found
-- Looking for inttypes.h
-- Looking for inttypes.h - found
-- Looking for stddef.h
-- Looking for stddef.h - found
-- Looking for stdint.h
-- Looking for stdint.h - found
-- Check size of off_t
-- Check size of off_t - done
-- Check size of off64_t
-- Check size of off64_t - failed
-- Check size of __int64
-- Check size of __int64 - done
-- Looking for _fseeki64
-- Looking for _fseeki64 - found
-- Looking for _ftelli64
-- Looking for _ftelli64 - found
-- 
-- ========== qhull Build Information ==========
-- Build Version:                             8.1-alpha3
-- Install Prefix (CMAKE_INSTALL_PREFIX):     C:/Users/jonat/Documents/mujoco-studio/build_ps/install
-- Binary Directory (CMAKE_INSTALL_BINDIR):   bin
-- Library Directory (CMAKE_INSTALL_LIBDIR):  lib
-- Include Directory (CMAKE_INSTALL_INCLUDEDIR): include
-- Documentation Directory (CMAKE_INSTALL_DOCDIR): share/doc/mujoco
-- Man Pages Directory (CMAKE_INSTALL_MANDIR): share/man
-- Build Type (CMAKE_BUILD_TYPE):             Release
-- Build static libraries:                    ON
-- Build shared library:                      OFF
-- Use shared library for linking apps:       OFF
-- Build tests:				   OFF
-- To override these options, add -D{OPTION_NAME}=... to the cmake command
--   Build the debug targets                  -DCMAKE_BUILD_TYPE=Debug
-- 
-- To build and install qhull, enter "make" and "make install"
-- To smoketest qhull, enter "ctest"
-- 
-- mujoco::FindOrFetch: Using FetchContent to retrieve `qhull` - Done
-- mujoco::FindOrFetch: checking for targets in package `tinyxml2`
-- mujoco::FindOrFetch: checking for targets in package `tinyxml2` - target `tinyxml2` not defined.
-- mujoco::FindOrFetch: Using FetchContent to retrieve `tinyxml2`
CMake Warning (dev) at C:/Program Files/CMake/share/cmake-4.2/Modules/FetchContent.cmake:1963 (message):
  Calling FetchContent_Populate(tinyxml2) is deprecated, call
  FetchContent_MakeAvailable(tinyxml2) instead.  Policy CMP0169 can be set to
  OLD to allow FetchContent_Populate(tinyxml2) to be called directly for now,
  but the ability to call it with declared details will be removed completely
  in a future version.
Call Stack (most recent call first):
  cmake/FindOrFetch.cmake:128 (FetchContent_Populate)
  cmake/MujocoDependencies.cmake:160 (findorfetch)
  CMakeLists.txt:112 (include)
This warning is for project developers.  Use -Wno-dev to suppress it.

-- mujoco::FindOrFetch: Using FetchContent to retrieve `tinyxml2` - Done
-- mujoco::FindOrFetch: checking for targets in package `tinyobjloader`
-- mujoco::FindOrFetch: checking for targets in package `tinyobjloader` - target `tinyobjloader` not defined.
-- mujoco::FindOrFetch: Using FetchContent to retrieve `tinyobjloader`
CMake Warning (dev) at C:/Program Files/CMake/share/cmake-4.2/Modules/FetchContent.cmake:1963 (message):
  Calling FetchContent_Populate(tinyobjloader) is deprecated, call
  FetchContent_MakeAvailable(tinyobjloader) instead.  Policy CMP0169 can be
  set to OLD to allow FetchContent_Populate(tinyobjloader) to be called
  directly for now, but the ability to call it with declared details will be
  removed completely in a future version.
Call Stack (most recent call first):
  cmake/FindOrFetch.cmake:128 (FetchContent_Populate)
  cmake/MujocoDependencies.cmake:183 (findorfetch)
  CMakeLists.txt:112 (include)
This warning is for project developers.  Use -Wno-dev to suppress it.

-- mujoco::FindOrFetch: Using FetchContent to retrieve `tinyobjloader` - Done
-- mujoco::FindOrFetch: checking for targets in package `ccd`
-- mujoco::FindOrFetch: checking for targets in package `ccd` - target `ccd` not defined.
-- mujoco::FindOrFetch: Using FetchContent to retrieve `ccd`
CMake Warning (dev) at C:/Program Files/CMake/share/cmake-4.2/Modules/FetchContent.cmake:1963 (message):
  Calling FetchContent_Populate(ccd) is deprecated, call
  FetchContent_MakeAvailable(ccd) instead.  Policy CMP0169 can be set to OLD
  to allow FetchContent_Populate(ccd) to be called directly for now, but the
  ability to call it with declared details will be removed completely in a
  future version.
Call Stack (most recent call first):
  cmake/FindOrFetch.cmake:128 (FetchContent_Populate)
  cmake/MujocoDependencies.cmake:216 (findorfetch)
  CMakeLists.txt:112 (include)
This warning is for project developers.  Use -Wno-dev to suppress it.

-- mujoco::FindOrFetch: Using FetchContent to retrieve `ccd` - Done
-- mujoco::FindOrFetch: checking for targets in package `miniz`
-- mujoco::FindOrFetch: checking for targets in package `miniz` - target `miniz` not defined.
-- mujoco::FindOrFetch: Using FetchContent to retrieve `miniz`
CMake Warning (dev) at C:/Program Files/CMake/share/cmake-4.2/Modules/FetchContent.cmake:1963 (message):
  Calling FetchContent_Populate(miniz) is deprecated, call
  FetchContent_MakeAvailable(miniz) instead.  Policy CMP0169 can be set to
  OLD to allow FetchContent_Populate(miniz) to be called directly for now,
  but the ability to call it with declared details will be removed completely
  in a future version.
Call Stack (most recent call first):
  cmake/FindOrFetch.cmake:128 (FetchContent_Populate)
  cmake/FindOrFetch.cmake:194 (FindOrFetch)
  cmake/MujocoDependencies.cmake:257 (fetchpackage)
  CMakeLists.txt:112 (include)
This warning is for project developers.  Use -Wno-dev to suppress it.

-- Performing Test COMPILER_HAS_DEPRECATED_ATTR
-- Performing Test COMPILER_HAS_DEPRECATED_ATTR - Failed
-- Performing Test COMPILER_HAS_DEPRECATED
-- Performing Test COMPILER_HAS_DEPRECATED - Success
-- mujoco::FindOrFetch: Using FetchContent to retrieve `miniz` - Done
-- mujoco::FindOrFetch: checking for targets in package `absl`
-- mujoco::FindOrFetch: checking for targets in package `absl` - target `absl::core_headers` not defined.
-- mujoco::FindOrFetch: Using FetchContent to retrieve `abseil-cpp`
CMake Warning (dev) at C:/Program Files/CMake/share/cmake-4.2/Modules/FetchContent.cmake:1963 (message):
  Calling FetchContent_Populate(abseil-cpp) is deprecated, call
  FetchContent_MakeAvailable(abseil-cpp) instead.  Policy CMP0169 can be set
  to OLD to allow FetchContent_Populate(abseil-cpp) to be called directly for
  now, but the ability to call it with declared details will be removed
  completely in a future version.
Call Stack (most recent call first):
  cmake/FindOrFetch.cmake:128 (FetchContent_Populate)
  cmake/MujocoDependencies.cmake:282 (findorfetch)
  CMakeLists.txt:112 (include)
This warning is for project developers.  Use -Wno-dev to suppress it.

-- Performing Test ABSL_INTERNAL_AT_LEAST_CXX17
-- Performing Test ABSL_INTERNAL_AT_LEAST_CXX17 - Success
-- Performing Test ABSL_INTERNAL_AT_LEAST_CXX20
-- Performing Test ABSL_INTERNAL_AT_LEAST_CXX20 - Success
-- Performing Test CMAKE_HAVE_LIBC_PTHREAD
-- Performing Test CMAKE_HAVE_LIBC_PTHREAD - Failed
-- Looking for pthread_create in pthreads
-- Looking for pthread_create in pthreads - not found
-- Looking for pthread_create in pthread
-- Looking for pthread_create in pthread - not found
-- Found Threads: TRUE
-- mujoco::FindOrFetch: Using FetchContent to retrieve `abseil-cpp` - Done
CMake Warning (dev) at C:/Program Files/CMake/share/cmake-4.2/Modules/FetchContent.cmake:1963 (message):
  Calling FetchContent_Populate(Eigen3) is deprecated, call
  FetchContent_MakeAvailable(Eigen3) instead.  Policy CMP0169 can be set to
  OLD to allow FetchContent_Populate(Eigen3) to be called directly for now,
  but the ability to call it with declared details will be removed completely
  in a future version.
Call Stack (most recent call first):
  cmake/MujocoDependencies.cmake:377 (FetchContent_Populate)
  CMakeLists.txt:112 (include)
This warning is for project developers.  Use -Wno-dev to suppress it.

-- mujoco::FindOrFetch: checking for targets in package `dear_imgui`
-- mujoco::FindOrFetch: checking for targets in package `dear_imgui` - target `dear_imgui` not defined.
-- mujoco::FindOrFetch: Using FetchContent to retrieve `dear_imgui`
CMake Warning (dev) at C:/Program Files/CMake/share/cmake-4.2/Modules/FetchContent.cmake:1963 (message):
  Calling FetchContent_Populate(dear_imgui) is deprecated, call
  FetchContent_MakeAvailable(dear_imgui) instead.  Policy CMP0169 can be set
  to OLD to allow FetchContent_Populate(dear_imgui) to be called directly for
  now, but the ability to call it with declared details will be removed
  completely in a future version.
Call Stack (most recent call first):
  cmake/FindOrFetch.cmake:128 (FetchContent_Populate)
  cmake/FindOrFetch.cmake:194 (FindOrFetch)
  cmake/third_party_deps/dear_imgui.cmake:23 (fetchpackage)
  src/render/filament/CMakeLists.txt:70 (include)
This warning is for project developers.  Use -Wno-dev to suppress it.

-- mujoco::FindOrFetch: Using FetchContent to retrieve `dear_imgui` - Done
-- mujoco::FindOrFetch: checking for targets in package `filament`
-- mujoco::FindOrFetch: checking for targets in package `filament` - target `filament` not defined.
-- mujoco::FindOrFetch: Using FetchContent to retrieve `filament`
CMake Warning (dev) at C:/Program Files/CMake/share/cmake-4.2/Modules/FetchContent.cmake:1963 (message):
  Calling FetchContent_Populate(filament) is deprecated, call
  FetchContent_MakeAvailable(filament) instead.  Policy CMP0169 can be set to
  OLD to allow FetchContent_Populate(filament) to be called directly for now,
  but the ability to call it with declared details will be removed completely
  in a future version.
Call Stack (most recent call first):
  cmake/FindOrFetch.cmake:128 (FetchContent_Populate)
  cmake/FindOrFetch.cmake:194 (FindOrFetch)
  cmake/third_party_deps/filament.cmake:44 (fetchpackage)
  src/render/filament/CMakeLists.txt:71 (include)
This warning is for project developers.  Use -Wno-dev to suppress it.

-- Looking for getopt_long
-- Looking for getopt_long - not found
-- The ASM compiler identification is MSVC
CMake Warning (dev) at C:/Program Files/CMake/share/cmake-4.2/Modules/CMakeDetermineASMCompiler.cmake:234 (message):
  Policy CMP194 is not set: MSVC is not an assembler for language ASM.  Run
  "cmake --help-policy CMP194" for policy details.  Use the cmake_policy
  command to set the policy and suppress this warning.
Call Stack (most recent call first):
  build_ps/_deps/filament-src/libs/filagui/CMakeLists.txt:2 (project)
This warning is for project developers.  Use -Wno-dev to suppress it.

-- Found assembler: C:/Program Files/Microsoft Visual Studio/2022/Community/VC/Tools/MSVC/14.38.33130/bin/Hostx64/x64/cl.exe
-- Found Python3: C:/Users/jonat/AppData/Local/Programs/Python/Python39/python.exe (found version "3.9.6") found components: Interpreter
Skipping symbol exports test for SPIRV-Tools-opt
Skipping symbol exports test for SPIRV-Tools-reduce
Skipping symbol exports test for SPIRV-Tools-link
Skipping symbol exports test for SPIRV-Tools-lint
Skipping symbol exports test for SPIRV-Tools-diff
Skipping symbol exports test for SPIRV-Tools-static
-- DFG LUT size set to 128x128
-- The ASM_MASM compiler identification is MSVC
-- Found assembler: C:/Program Files/Microsoft Visual Studio/2022/Community/VC/Tools/MSVC/14.38.33130/bin/Hostx64/x64/ml64.exe
-- mujoco::FindOrFetch: Using FetchContent to retrieve `filament` - Done
-- mujoco::FindOrFetch: checking for targets in package `dear_imgui`
-- mujoco::FindOrFetch: checking for targets in package `dear_imgui` - found
-- mujoco::FindOrFetch: checking for targets in package `implot`
-- mujoco::FindOrFetch: checking for targets in package `implot` - target `implot` not defined.
-- mujoco::FindOrFetch: Using FetchContent to retrieve `implot`
CMake Warning (dev) at C:/Program Files/CMake/share/cmake-4.2/Modules/FetchContent.cmake:1963 (message):
  Calling FetchContent_Populate(implot) is deprecated, call
  FetchContent_MakeAvailable(implot) instead.  Policy CMP0169 can be set to
  OLD to allow FetchContent_Populate(implot) to be called directly for now,
  but the ability to call it with declared details will be removed completely
  in a future version.
Call Stack (most recent call first):
  cmake/FindOrFetch.cmake:128 (FetchContent_Populate)
  cmake/FindOrFetch.cmake:194 (FindOrFetch)
  cmake/third_party_deps/implot.cmake:23 (fetchpackage)
  src/experimental/platform/CMakeLists.txt:98 (include)
This warning is for project developers.  Use -Wno-dev to suppress it.

-- mujoco::FindOrFetch: Using FetchContent to retrieve `implot` - Done
-- mujoco::FindOrFetch: checking for targets in package `sdl2`
-- mujoco::FindOrFetch: checking for targets in package `sdl2` - target `sdl2` not defined.
-- mujoco::FindOrFetch: Using FetchContent to retrieve `sdl2`
CMake Warning (dev) at C:/Program Files/CMake/share/cmake-4.2/Modules/FetchContent.cmake:1963 (message):
  Calling FetchContent_Populate(sdl2) is deprecated, call
  FetchContent_MakeAvailable(sdl2) instead.  Policy CMP0169 can be set to OLD
  to allow FetchContent_Populate(sdl2) to be called directly for now, but the
  ability to call it with declared details will be removed completely in a
  future version.
Call Stack (most recent call first):
  cmake/FindOrFetch.cmake:128 (FetchContent_Populate)
  cmake/FindOrFetch.cmake:194 (FindOrFetch)
  cmake/third_party_deps/sdl2.cmake:24 (fetchpackage)
  src/experimental/platform/CMakeLists.txt:99 (include)
This warning is for project developers.  Use -Wno-dev to suppress it.

-- Could NOT find PkgConfig (missing: PKG_CONFIG_EXECUTABLE) 
-- Looking for __GLIBC__
-- Looking for __GLIBC__ - not found
-- Performing Test CHECK_CPU_ARCHITECTURE_X86
-- Performing Test CHECK_CPU_ARCHITECTURE_X86 - Failed
-- Performing Test CHECK_CPU_ARCHITECTURE_X64
-- Performing Test CHECK_CPU_ARCHITECTURE_X64 - Success
-- Performing Test CHECK_CPU_ARCHITECTURE_ARM32
-- Performing Test CHECK_CPU_ARCHITECTURE_ARM32 - Failed
-- Performing Test CHECK_CPU_ARCHITECTURE_ARM64
-- Performing Test CHECK_CPU_ARCHITECTURE_ARM64 - Failed
-- Performing Test CHECK_CPU_ARCHITECTURE_ARM64EC
-- Performing Test CHECK_CPU_ARCHITECTURE_ARM64EC - Failed
-- Performing Test CHECK_CPU_ARCHITECTURE_LOONGARCH64
-- Performing Test CHECK_CPU_ARCHITECTURE_LOONGARCH64 - Failed
-- Looking for immintrin.h
-- Looking for immintrin.h - found
-- Performing Test HAVE_WIN32_CC
-- Performing Test HAVE_WIN32_CC - Success
-- Looking for d3d9.h
-- Looking for d3d9.h - found
-- Looking for d3d11_1.h
-- Looking for d3d11_1.h - found
-- Performing Test HAVE_D3D12_H
-- Performing Test HAVE_D3D12_H - Success
-- Looking for ddraw.h
-- Looking for ddraw.h - found
-- Looking for dsound.h
-- Looking for dsound.h - found
-- Looking for dinput.h
-- Looking for dinput.h - found
-- Looking for dxgi.h
-- Looking for dxgi.h - found
-- Performing Test HAVE_XINPUT_H
-- Performing Test HAVE_XINPUT_H - Success
-- Performing Test HAVE_WINDOWS_GAMING_INPUT_H
-- Performing Test HAVE_WINDOWS_GAMING_INPUT_H - Success
-- Looking for tpcshrd.h
-- Looking for tpcshrd.h - found
-- Looking for roapi.h
-- Looking for roapi.h - found
-- Looking for mmdeviceapi.h
-- Looking for mmdeviceapi.h - found
-- Looking for audioclient.h
-- Looking for audioclient.h - found
-- Looking for sensorsapi.h
-- Looking for sensorsapi.h - found
-- Looking for shellscalingapi.h
-- Looking for shellscalingapi.h - found
-- Found Git: C:/Program Files/Git/cmd/git.exe (found version "2.34.1.windows.1")
CMake Deprecation Warning at build_ps/_deps/sdl2-src/CMakeLists.txt:3290 (cmake_minimum_required):
  Compatibility with CMake < 3.10 will be removed from a future version of
  CMake.

  Update the VERSION argument <min> value.  Or, use the <min>...<max> syntax
  to tell CMake that the project requires at least <min> but has been updated
  to work with policies introduced by <max> or earlier.


-- 
-- SDL2 was configured with the following options:
-- 
-- Platform: Windows-10.0.26200
-- 64-bit:   TRUE
-- Compiler: C:/Program Files/Microsoft Visual Studio/2022/Community/VC/Tools/MSVC/14.38.33130/bin/Hostx64/x64/cl.exe
-- Revision: SDL-release-2.32.8-0-g98d1f3a45
-- 
-- Subsystems:
--   Atomic:	ON
--   Audio:	ON
--   Video:	ON
--   Render:	ON
--   Events:	ON
--   Joystick:	ON
--   Haptic:	ON
--   Hidapi:	ON
--   Power:	ON
--   Threads:	ON
--   Timers:	ON
--   File:	ON
--   Loadso:	ON
--   CPUinfo:	ON
--   Filesystem:	ON
--   Sensor:	ON
--   Locale:	ON
--   Misc:	ON
-- 
-- Options:
--   SDL2_DISABLE_INSTALL        (Wanted: ON): OFF
--   SDL2_DISABLE_SDL2MAIN       (Wanted: OFF): OFF
--   SDL2_DISABLE_UNINSTALL      (Wanted: OFF): OFF
--   SDL_3DNOW                   (Wanted: OFF): OFF
--   SDL_ALSA                    (Wanted: OFF): OFF
--   SDL_ALSA_SHARED             (Wanted: OFF): OFF
--   SDL_ALTIVEC                 (Wanted: ON): OFF
--   SDL_ARMNEON                 (Wanted: OFF): OFF
--   SDL_ARMSIMD                 (Wanted: OFF): OFF
--   SDL_ARTS                    (Wanted: OFF): OFF
--   SDL_ARTS_SHARED             (Wanted: OFF): OFF
--   SDL_ASAN                    (Wanted: OFF): OFF
--   SDL_ASSEMBLY                (Wanted: ON): OFF
--   SDL_ASSERTIONS              (Wanted: auto): auto
--   SDL_BACKGROUNDING_SIGNAL    (Wanted: OFF): OFF
--   SDL_CCACHE                  (Wanted: ON): ON
--   SDL_CLOCK_GETTIME           (Wanted: OFF): OFF
--   SDL_COCOA                   (Wanted: OFF): OFF
--   SDL_DBUS                    (Wanted: OFF): OFF
--   SDL_DIRECTFB                (Wanted: OFF): OFF
--   SDL_DIRECTFB_SHARED         (Wanted: OFF): OFF
--   SDL_DIRECTX                 (Wanted: ON): ON
--   SDL_DISKAUDIO               (Wanted: ON): ON
--   SDL_DUMMYAUDIO              (Wanted: ON): ON
--   SDL_DUMMYVIDEO              (Wanted: ON): ON
--   SDL_ESD                     (Wanted: OFF): OFF
--   SDL_ESD_SHARED              (Wanted: OFF): OFF
--   SDL_FOREGROUNDING_SIGNAL    (Wanted: OFF): OFF
--   SDL_FUSIONSOUND             (Wanted: OFF): OFF
--   SDL_FUSIONSOUND_SHARED      (Wanted: OFF): OFF
--   SDL_GCC_ATOMICS             (Wanted: OFF): OFF
--   SDL_HIDAPI                  (Wanted: ON): ON
--   SDL_HIDAPI_JOYSTICK         (Wanted: ON): ON
--   SDL_HIDAPI_LIBUSB           (Wanted: OFF): OFF
--   SDL_IBUS                    (Wanted: OFF): OFF
--   SDL_INSTALL_TESTS           (Wanted: OFF): OFF
--   SDL_JACK                    (Wanted: OFF): OFF
--   SDL_JACK_SHARED             (Wanted: OFF): OFF
--   SDL_KMSDRM                  (Wanted: OFF): OFF
--   SDL_KMSDRM_SHARED           (Wanted: OFF): OFF
--   SDL_LASX                    (Wanted: OFF): OFF
--   SDL_LIBC                    (Wanted: OFF): OFF
--   SDL_LIBICONV                (Wanted: OFF): OFF
--   SDL_LIBSAMPLERATE           (Wanted: OFF): OFF
--   SDL_LIBSAMPLERATE_SHARED    (Wanted: OFF): OFF
--   SDL_LIBUDEV                 (Wanted: ON): OFF
--   SDL_LSX                     (Wanted: OFF): OFF
--   SDL_METAL                   (Wanted: OFF): OFF
--   SDL_MMX                     (Wanted: ON): OFF
--   SDL_NAS                     (Wanted: OFF): OFF
--   SDL_NAS_SHARED              (Wanted: OFF): OFF
--   SDL_OFFSCREEN               (Wanted: ON): ON
--   SDL_OPENGL                  (Wanted: ON): ON
--   SDL_OPENGLES                (Wanted: ON): ON
--   SDL_OSS                     (Wanted: OFF): OFF
--   SDL_PIPEWIRE                (Wanted: OFF): OFF
--   SDL_PIPEWIRE_SHARED         (Wanted: OFF): OFF
--   SDL_PTHREADS                (Wanted: OFF): OFF
--   SDL_PTHREADS_SEM            (Wanted: OFF): OFF
--   SDL_PULSEAUDIO              (Wanted: OFF): OFF
--   SDL_PULSEAUDIO_SHARED       (Wanted: OFF): OFF
--   SDL_RENDER_D3D              (Wanted: ON): ON
--   SDL_RENDER_METAL            (Wanted: OFF): OFF
--   SDL_RPATH                   (Wanted: OFF): OFF
--   SDL_RPI                     (Wanted: OFF): OFF
--   SDL_SNDIO                   (Wanted: OFF): OFF
--   SDL_SNDIO_SHARED            (Wanted: OFF): OFF
--   SDL_SSE                     (Wanted: ON): ON
--   SDL_SSE2                    (Wanted: ON): ON
--   SDL_SSE3                    (Wanted: ON): ON
--   SDL_SSEMATH                 (Wanted: ON): OFF
--   SDL_STATIC_PIC              (Wanted: ON): ON
--   SDL_SYSTEM_ICONV            (Wanted: OFF): OFF
--   SDL_TESTS                   (Wanted: OFF): OFF
--   SDL_VENDOR_INFO             (Wanted: ): OFF
--   SDL_VIRTUAL_JOYSTICK        (Wanted: ON): ON
--   SDL_VIVANTE                 (Wanted: OFF): OFF
--   SDL_VULKAN                  (Wanted: ON): ON
--   SDL_WASAPI                  (Wanted: ON): ON
--   SDL_WAYLAND                 (Wanted: OFF): OFF
--   SDL_WAYLAND_LIBDECOR        (Wanted: OFF): OFF
--   SDL_WAYLAND_LIBDECOR_SHARED (Wanted: OFF): OFF
--   SDL_WAYLAND_QT_TOUCH        (Wanted: OFF): OFF
--   SDL_WAYLAND_SHARED          (Wanted: OFF): OFF
--   SDL_X11                     (Wanted: OFF): OFF
--   SDL_X11_SHARED              (Wanted: OFF): OFF
--   SDL_X11_XCURSOR             (Wanted: OFF): OFF
--   SDL_X11_XDBE                (Wanted: OFF): OFF
--   SDL_X11_XFIXES              (Wanted: OFF): OFF
--   SDL_X11_XINPUT              (Wanted: OFF): OFF
--   SDL_X11_XRANDR              (Wanted: OFF): OFF
--   SDL_X11_XSCRNSAVER          (Wanted: OFF): OFF
--   SDL_X11_XSHAPE              (Wanted: OFF): OFF
--   SDL_XINPUT                  (Wanted: ON): ON
-- 
--  CFLAGS:        /DWIN32 /D_WINDOWS
--  EXTRA_CFLAGS:  
--  EXTRA_LDFLAGS:  
--  EXTRA_LIBS:    kernel32;user32;gdi32;winmm;imm32;ole32;oleaut32;version;uuid;advapi32;setupapi;shell32;dinput8
-- 
--  Build Shared Library: OFF
--  Build Static Library: ON
--  Build Static Library with Position Independent Code: ON
-- 
-- mujoco::FindOrFetch: Using FetchContent to retrieve `sdl2` - Done
-- mujoco::FindOrFetch: checking for targets in package `libwebp`
-- mujoco::FindOrFetch: checking for targets in package `libwebp` - target `webp` not defined.
-- mujoco::FindOrFetch: Using FetchContent to retrieve `libwebp`
CMake Warning (dev) at C:/Program Files/CMake/share/cmake-4.2/Modules/FetchContent.cmake:1963 (message):
  Calling FetchContent_Populate(libwebp) is deprecated, call
  FetchContent_MakeAvailable(libwebp) instead.  Policy CMP0169 can be set to
  OLD to allow FetchContent_Populate(libwebp) to be called directly for now,
  but the ability to call it with declared details will be removed completely
  in a future version.
Call Stack (most recent call first):
  cmake/FindOrFetch.cmake:128 (FetchContent_Populate)
  cmake/FindOrFetch.cmake:194 (FindOrFetch)
  cmake/third_party_deps/libwebp.cmake:23 (fetchpackage)
  src/experimental/platform/CMakeLists.txt:100 (include)
This warning is for project developers.  Use -Wno-dev to suppress it.

-- Performing Test HAVE_BUILTIN_BSWAP16
-- Performing Test HAVE_BUILTIN_BSWAP16 - Failed
-- Performing Test HAVE_BUILTIN_BSWAP32
-- Performing Test HAVE_BUILTIN_BSWAP32 - Failed
-- Performing Test HAVE_BUILTIN_BSWAP64
-- Performing Test HAVE_BUILTIN_BSWAP64 - Failed
-- Found OpenGL: opengl32
-- Performing Test HAVE_MATH_LIBRARY
-- Performing Test HAVE_MATH_LIBRARY - Success
-- Could NOT find ZLIB (missing: ZLIB_LIBRARY ZLIB_INCLUDE_DIR) 
-- Could NOT find PNG (missing: PNG_LIBRARY PNG_PNG_INCLUDE_DIR) 
-- Could NOT find JPEG (missing: JPEG_LIBRARY JPEG_INCLUDE_DIR) 
-- Could NOT find TIFF (missing: TIFF_LIBRARY TIFF_INCLUDE_DIR) 
-- Could NOT find GIF (missing: GIF_LIBRARY GIF_INCLUDE_DIR) 
-- Looking for include file GLUT/glut.h
-- Looking for include file GLUT/glut.h - not found
-- Looking for include file GL/glut.h
-- Looking for include file GL/glut.h - not found
-- Looking for include file OpenGL/glut.h
-- Looking for include file OpenGL/glut.h - not found
-- Looking for include file shlwapi.h
-- Looking for include file shlwapi.h - found
-- Looking for include file unistd.h
-- Looking for include file unistd.h - not found
-- Looking for include file wincodec.h
-- Looking for include file wincodec.h - found
-- Looking for include file windows.h
-- Looking for include file windows.h - found
-- Performing Test WEBP_HAVE_FLAG_AVX2
-- Performing Test WEBP_HAVE_FLAG_AVX2 - Success
-- Performing Test WEBP_HAVE_FLAG_SSE41
-- Performing Test WEBP_HAVE_FLAG_SSE41 - Success
-- Performing Test WEBP_HAVE_FLAG_SSE2
-- Performing Test WEBP_HAVE_FLAG_SSE2 - Success
-- Performing Test WEBP_HAVE_FLAG_MIPS32
-- Performing Test WEBP_HAVE_FLAG_MIPS32 - Failed
-- Performing Test WEBP_HAVE_FLAG_MIPS32
-- Performing Test WEBP_HAVE_FLAG_MIPS32 - Failed
-- Performing Test WEBP_HAVE_FLAG_MIPS_DSP_R2
-- Performing Test WEBP_HAVE_FLAG_MIPS_DSP_R2 - Failed
-- Performing Test WEBP_HAVE_FLAG_MIPS_DSP_R2
-- Performing Test WEBP_HAVE_FLAG_MIPS_DSP_R2 - Failed
-- Performing Test WEBP_HAVE_FLAG_NEON
-- Performing Test WEBP_HAVE_FLAG_NEON - Failed
-- Performing Test WEBP_HAVE_FLAG_NEON
-- Performing Test WEBP_HAVE_FLAG_NEON - Failed
-- Performing Test WEBP_HAVE_FLAG_MSA
-- Performing Test WEBP_HAVE_FLAG_MSA - Failed
-- Performing Test WEBP_HAVE_FLAG_MSA
-- Performing Test WEBP_HAVE_FLAG_MSA - Failed
-- Could NOT find GLUT (missing: GLUT_glut_LIBRARY GLUT_INCLUDE_DIR) 
-- mujoco::FindOrFetch: Using FetchContent to retrieve `libwebp` - Done
-- mujoco::FindOrFetch: checking for targets in package `dear_imgui`
-- mujoco::FindOrFetch: checking for targets in package `dear_imgui` - found
-- mujoco::FindOrFetch: checking for targets in package `implot`
-- mujoco::FindOrFetch: checking for targets in package `implot` - found
-- mujoco::FindOrFetch: checking for targets in package `opensans`
-- mujoco::FindOrFetch: checking for targets in package `opensans` - target `opensans` not defined.
-- mujoco::FindOrFetch: Using FetchContent to retrieve `opensans`
CMake Warning (dev) at C:/Program Files/CMake/share/cmake-4.2/Modules/FetchContent.cmake:1963 (message):
  Calling FetchContent_Populate(opensans) is deprecated, call
  FetchContent_MakeAvailable(opensans) instead.  Policy CMP0169 can be set to
  OLD to allow FetchContent_Populate(opensans) to be called directly for now,
  but the ability to call it with declared details will be removed completely
  in a future version.
Call Stack (most recent call first):
  cmake/FindOrFetch.cmake:128 (FetchContent_Populate)
  cmake/FindOrFetch.cmake:194 (FindOrFetch)
  cmake/third_party_deps/opensans.cmake:23 (fetchpackage)
  src/experimental/studio/CMakeLists.txt:19 (include)
This warning is for project developers.  Use -Wno-dev to suppress it.

-- mujoco::FindOrFetch: Using FetchContent to retrieve `opensans` - Done
-- mujoco::FindOrFetch: checking for targets in package `font_awesome`
-- mujoco::FindOrFetch: checking for targets in package `font_awesome` - target `font_awesome` not defined.
-- mujoco::FindOrFetch: Using FetchContent to retrieve `font_awesome`
CMake Warning (dev) at C:/Program Files/CMake/share/cmake-4.2/Modules/FetchContent.cmake:1963 (message):
  Calling FetchContent_Populate(font_awesome) is deprecated, call
  FetchContent_MakeAvailable(font_awesome) instead.  Policy CMP0169 can be
  set to OLD to allow FetchContent_Populate(font_awesome) to be called
  directly for now, but the ability to call it with declared details will be
  removed completely in a future version.
Call Stack (most recent call first):
  cmake/FindOrFetch.cmake:128 (FetchContent_Populate)
  cmake/FindOrFetch.cmake:194 (FindOrFetch)
  cmake/third_party_deps/font_awesome.cmake:23 (fetchpackage)
  src/experimental/studio/CMakeLists.txt:20 (include)
This warning is for project developers.  Use -Wno-dev to suppress it.

-- mujoco::FindOrFetch: Using FetchContent to retrieve `font_awesome` - Done
-- Configuring done (204.5s)
-- Generating done (4.9s)
CMake Warning:
  Manually-specified variables were not used by the project:

    MUJOCO_SAMPLES


-- Build files have been written to: C:/Users/jonat/Documents/mujoco-studio/build_ps
CONFIG_EXIT 0 
